Initial build failed: 0.12 Processing esp32c2 (board: esp32-c2-devkitm-1; platform: https://github.com/pioarduino/platform-espressif32.git#develop; framework: arduino)
0.12 --------------------------------------------------------------------------------
0.43 Verbose mode can be enabled via `-v, --verbose` option
0.51 Error output: /home/ubuntu/.fastled/compile/pio/esp32c2/penv/bin/python: No module named pip
0.51 Error: Failed to install Python dependencies into penv
0.55 ========================== [FAILED] Took 0.42 seconds ==========================
Initial build failed: 0.16 Processing esp32c2 (board: esp32-c2-devkitm-1; platform: https://github.com/pioarduino/platform-espressif32.git#develop; framework: arduino)
0.16 --------------------------------------------------------------------------------
0.49 Verbose mode can be enabled via `-v, --verbose` option
1.05 CONFIGURATION: https://docs.platformio.org/page/boards/espressif32/esp32-c2-devkitm-1.html
1.05 PLATFORM: Espressif 32 (55.3.30+develop.sha.9651ee8) > Espressif ESP32-C2-DevKitM-1
1.05 HARDWARE: ESP32C2 120MHz, 272KB RAM, 4MB Flash
1.05 DEBUG: Current (cmsis-dap) External (cmsis-dap, esp-bridge, esp-prog, iot-bus-jtag, jlink, minimodule, olimex-arm-usb-ocd, olimex-arm-usb-ocd-h, olimex-arm-usb-tiny-h, olimex-jtag-tiny, tumpa)
1.05 PACKAGES:
1.05  - contrib-piohome @ 3.4.4
1.05  - framework-arduino-c2-skeleton-lib @ 5.5.0+sha.cbe9388f45
1.05  - framework-arduinoespressif32 @ 3.3.0
1.05  - framework-arduinoespressif32-libs @ 5.5.0+sha.b66b5448e0
1.05  - framework-espidf @ 3.50500.0 (5.5.0)
1.05  - tool-cmake @ 3.30.2
1.05  - tool-esp-rom-elfs @ 2024.10.11
1.05  - tool-esptoolpy @ 5.0.2
1.05  - tool-mklittlefs @ 3.2.0
1.05  - tool-ninja @ 1.13.1
1.05  - tool-scons @ 4.40801.0 (4.8.1)
1.05  - toolchain-riscv32-esp @ 14.2.0+20241119
1.05 *** Compile Arduino IDF libs for esp32c2 ***
1.07 *** Add "custom_sdkconfig" settings to IDF sdkconfig.defaults ***
1.07 Replace: CONFIG_IDF_TARGET="esp32c2" with: CONFIG_IDF_TARGET=esp32c2
1.07 Replace: CONFIG_ESPTOOLPY_FLASHMODE_QIO=y with: CONFIG_ESPTOOLPY_FLASHMODE_QIO=y
1.07 Replace: CONFIG_ESPTOOLPY_FLASHFREQ_60M=y with: CONFIG_ESPTOOLPY_FLASHFREQ_60M=y
1.07 Replace: CONFIG_ESPTOOLPY_FLASHFREQ="60m" with: CONFIG_ESPTOOLPY_FLASHFREQ="60m"
1.08 Add: # CONFIG_ESPTOOLPY_FLASHFREQ_80M is not set
1.09 Warning! Arduino framework as an ESP-IDF component doesn't handle the `variant` field! The default `esp32` variant will be used.
1.09 Reading CMake configuration...
5.55 Generating assembly for certificate bundle...
5.71 LDF: Library Dependency Finder -> https://bit.ly/configure-pio-ldf
5.71 LDF Modes: Finder ~ chain, Compatibility ~ soft
5.77 Found 42 compatible libraries
5.77 Scanning dependencies...
5.77 No dependencies
5.77 Building in release mode
5.78 Environment state dumped to: env_dump.json
5.78 Projenv state dumped to: projenv_dump.json
5.78 Cache configuration from environment:
5.78   Cache type: xcache
5.78   Cache executable: python /workspace/ci/util/xcache.py
5.78   SCCACHE path: /workspace/.venv/bin/sccache
5.78   SCCACHE dir: /home/ubuntu/.fastled/sccache
5.78   Debug enabled: False
5.78 xcache wrapper detected and configured for Python fake compilers
5.78   xcache path: /workspace/ci/util/xcache.py
5.78   cache executable: python /workspace/ci/util/xcache.py
5.78 DEBUG: Found compilers in env:
5.78   CC: 'riscv32-esp-elf-gcc' (type: str)
5.78   CXX: 'riscv32-esp-elf-g++' (type: str)
5.78 Extracted compiler names:
5.78   CC name: riscv32-esp-elf-gcc
5.78   CXX name: riscv32-esp-elf-g++
5.78 Found local compiler cache:
5.78   Cache file: /workspace/.build/pio/esp32c2/compiler_cache.json
5.78   Real CC: /home/ubuntu/.fastled/packages/esp32c2/toolchain-riscv32-esp/bin/riscv32-esp-elf-gcc
5.78   Real CXX: /home/ubuntu/.fastled/packages/esp32c2/toolchain-riscv32-esp/bin/riscv32-esp-elf-g++
5.78 SUCCESS: Using cached compilers (instant, no platform search needed):
5.78   CC: /workspace/.build/pio/esp32c2/cached_compilers/cached_CC.py
5.78   CXX: /workspace/.build/pio/esp32c2/cached_compilers/cached_CXX.py
5.78   Platform search skipped - using cached toolset
5.78 Created Python cached compilers:
5.78   CC: /workspace/.build/pio/esp32c2/cached_compilers/cached_CC.py
5.78   CXX: /workspace/.build/pio/esp32c2/cached_compilers/cached_CXX.py
5.78 Applied Python fake compilers to both env and projenv
5.78 Python fake compiler cache enabled: xcache
5.78   Original CC: riscv32-esp-elf-gcc
5.78   Original CXX: riscv32-esp-elf-g++
5.78   Fake CC: /workspace/.build/pio/esp32c2/cached_compilers/cached_CC.py
5.78   Fake CXX: /workspace/.build/pio/esp32c2/cached_compilers/cached_CXX.py
5.78 Python fake compiler cache environment configured successfully
5.88 Retrieved `.pio/build/esp32c2/.dummy/sketch.cpp.o' from cache
5.89 Retrieved `.pio/build/esp32c2/.dummy/arduino-lib-builder-gcc.c.o' from cache
5.89 Retrieved `.pio/build/esp32c2/.dummy/arduino-lib-builder-cpp.cpp.o' from cache
5.90 Retrieved `.pio/build/esp32c2/.dummy/arduino-lib-builder-as.S.o' from cache
5.90 Generating LD script .pio/build/esp32c2/esp-idf/esp_system/ld/memory.ld.in
5.90 Generating LD script .pio/build/esp32c2/esp-idf/esp_system/ld/sections.ld.in
5.90 CMake Error at .pio/build/esp32c2/esp-idf/esp_system/ld/linker_script_generator.cmake:6 (message):
5.90   Can't generate .pio/build/esp32c2/esp-idf/esp_system/ld/memory.ld.in
5.90   RET_CODE: no such file or directory
5.90   ERROR_MESSAGE:
5.91 CMake Error at .pio/build/esp32c2/esp-idf/esp_system/ld/linker_script_generator.cmake:6 (message):
5.91   Can't generate .pio/build/esp32c2/esp-idf/esp_system/ld/sections.ld.in
5.91   RET_CODE: no such file or directory
5.91   ERROR_MESSAGE:
5.92 Compiling .pio/build/esp32c2/app_trace/app_trace.c.o
5.92 *** [.pio/build/esp32c2/esp-idf/esp_system/ld/memory.ld.in] Error 1
5.92 *** [.pio/build/esp32c2/esp-idf/esp_system/ld/sections.ld.in] Error 1
6.18 ========================== [FAILED] Took 6.02 seconds ==========================
