Initial build failed: 0.12 Processing esp32c2 (board: esp32-c2-devkitm-1; platform: https://github.com/pioarduino/platform-espressif32.git#develop; framework: arduino)
0.12 --------------------------------------------------------------------------------
0.45 Verbose mode can be enabled via `-v, --verbose` option
0.52 Error output: /home/ubuntu/.fastled/compile/pio/esp32c2/penv/bin/python: No module named pip
0.52 Error: Failed to install Python dependencies into penv
0.56 ========================== [FAILED] Took 0.44 seconds ==========================
Initial build failed: 0.13 Processing esp32c2 (board: esp32-c2-devkitm-1; platform: https://github.com/pioarduino/platform-espressif32.git#develop; framework: arduino)
0.13 --------------------------------------------------------------------------------
0.44 Verbose mode can be enabled via `-v, --verbose` option
0.82 CONFIGURATION: https://docs.platformio.org/page/boards/espressif32/esp32-c2-devkitm-1.html
0.82 PLATFORM: Espressif 32 (55.3.30+develop.sha.9651ee8) > Espressif ESP32-C2-DevKitM-1
0.82 HARDWARE: ESP32C2 120MHz, 272KB RAM, 4MB Flash
0.82 DEBUG: Current (cmsis-dap) External (cmsis-dap, esp-bridge, esp-prog, iot-bus-jtag, jlink, minimodule, olimex-arm-usb-ocd, olimex-arm-usb-ocd-h, olimex-arm-usb-tiny-h, olimex-jtag-tiny, tumpa)
0.82 PACKAGES:
0.82  - contrib-piohome @ 3.4.4
0.82  - framework-arduino-c2-skeleton-lib @ 5.5.0+sha.cbe9388f45
0.82  - framework-arduinoespressif32 @ 3.3.0
0.82  - framework-arduinoespressif32-libs @ 5.5.0+sha.b66b5448e0
0.82  - framework-espidf @ 3.50500.0 (5.5.0)
0.82  - tool-cmake @ 3.30.2
0.82  - tool-esp-rom-elfs @ 2024.10.11
0.82  - tool-esptoolpy @ 5.0.2
0.82  - tool-mklittlefs @ 3.2.0
0.82  - tool-ninja @ 1.13.1
0.82  - tool-scons @ 4.40801.0 (4.8.1)
0.82  - toolchain-riscv32-esp @ 14.2.0+20241119
0.83 *** Compile Arduino IDF libs for esp32c2 ***
0.84 *** Add "custom_sdkconfig" settings to IDF sdkconfig.defaults ***
0.85 Replace: CONFIG_IDF_TARGET="esp32c2" with: CONFIG_IDF_TARGET=esp32c2
0.85 Replace: CONFIG_ESPTOOLPY_FLASHMODE_QIO=y with: CONFIG_ESPTOOLPY_FLASHMODE_QIO=y
0.85 Replace: CONFIG_ESPTOOLPY_FLASHFREQ_60M=y with: CONFIG_ESPTOOLPY_FLASHFREQ_60M=y
0.85 Replace: CONFIG_ESPTOOLPY_FLASHFREQ="60m" with: CONFIG_ESPTOOLPY_FLASHFREQ="60m"
0.85 Add: # CONFIG_ESPTOOLPY_FLASHFREQ_80M is not set
0.86 Warning! Arduino framework as an ESP-IDF component doesn't handle the `variant` field! The default `esp32` variant will be used.
0.86 Reading CMake configuration...
4.92 LDF: Library Dependency Finder -> https://bit.ly/configure-pio-ldf
4.92 LDF Modes: Finder ~ chain, Compatibility ~ soft
4.98 Found 42 compatible libraries
4.98 Scanning dependencies...
4.98 No dependencies
4.98 Building in release mode
4.99 Environment state dumped to: env_dump.json
4.99 Projenv state dumped to: projenv_dump.json
4.99 Cache configuration from environment:
4.99   Cache type: xcache
4.99   Cache executable: python /workspace/ci/util/xcache.py
4.99   SCCACHE path: /workspace/.venv/bin/sccache
4.99   SCCACHE dir: /home/ubuntu/.fastled/sccache
4.99   Debug enabled: False
4.99 xcache wrapper detected and configured for Python fake compilers
4.99   xcache path: /workspace/ci/util/xcache.py
4.99   cache executable: python /workspace/ci/util/xcache.py
4.99 DEBUG: Found compilers in env:
4.99   CC: 'riscv32-esp-elf-gcc' (type: str)
4.99   CXX: 'riscv32-esp-elf-g++' (type: str)
4.99 Extracted compiler names:
4.99   CC name: riscv32-esp-elf-gcc
4.99   CXX name: riscv32-esp-elf-g++
4.99 Found local compiler cache:
4.99   Cache file: /workspace/.build/pio/esp32c2/compiler_cache.json
4.99   Real CC: /home/ubuntu/.fastled/packages/esp32c2/toolchain-riscv32-esp/bin/riscv32-esp-elf-gcc
4.99   Real CXX: /home/ubuntu/.fastled/packages/esp32c2/toolchain-riscv32-esp/bin/riscv32-esp-elf-g++
4.99 SUCCESS: Using cached compilers (instant, no platform search needed):
4.99   CC: /workspace/.build/pio/esp32c2/cached_compilers/cached_CC.py
4.99   CXX: /workspace/.build/pio/esp32c2/cached_compilers/cached_CXX.py
4.99   Platform search skipped - using cached toolset
4.99 Created Python cached compilers:
4.99   CC: /workspace/.build/pio/esp32c2/cached_compilers/cached_CC.py
4.99   CXX: /workspace/.build/pio/esp32c2/cached_compilers/cached_CXX.py
4.99 Applied Python fake compilers to both env and projenv
4.99 Python fake compiler cache enabled: xcache
4.99   Original CC: riscv32-esp-elf-gcc
4.99   Original CXX: riscv32-esp-elf-g++
4.99   Fake CC: /workspace/.build/pio/esp32c2/cached_compilers/cached_CC.py
4.99   Fake CXX: /workspace/.build/pio/esp32c2/cached_compilers/cached_CXX.py
4.99 Python fake compiler cache environment configured successfully
5.02 Generating LD script .pio/build/esp32c2/esp-idf/esp_system/ld/memory.ld.in
5.03 Generating LD script .pio/build/esp32c2/esp-idf/esp_system/ld/sections.ld.in
5.03 CMake Error at .pio/build/esp32c2/esp-idf/esp_system/ld/linker_script_generator.cmake:6 (message):
5.03   Can't generate .pio/build/esp32c2/esp-idf/esp_system/ld/memory.ld.in
5.03   RET_CODE: no such file or directory
5.03   ERROR_MESSAGE:
5.03 CMake Error at .pio/build/esp32c2/esp-idf/esp_system/ld/linker_script_generator.cmake:6 (message):
5.03   Can't generate .pio/build/esp32c2/esp-idf/esp_system/ld/sections.ld.in
5.03   RET_CODE: no such file or directory
5.03   ERROR_MESSAGE:
5.05 Retrieved `.pio/build/esp32c2/app_trace/port/port_uart.c.o' from cache
5.05 *** [.pio/build/esp32c2/esp-idf/esp_system/ld/memory.ld.in] Error 1
5.05 *** [.pio/build/esp32c2/esp-idf/esp_system/ld/sections.ld.in] Error 1
5.20 ========================== [FAILED] Took 5.07 seconds ==========================
