Initial build failed: 0.13 Processing esp32c2 (board: esp32-c2-devkitm-1; platform: https://github.com/pioarduino/platform-espressif32.git#develop; framework: arduino)
0.13 --------------------------------------------------------------------------------
0.43 Verbose mode can be enabled via `-v, --verbose` option
0.51 Error output: /home/ubuntu/.fastled/compile/pio/esp32c2/penv/bin/python: No module named pip
0.51 Error: Failed to install Python dependencies into penv
0.55 ========================== [FAILED] Took 0.42 seconds ==========================
Initial build failed: 0.16 Processing esp32c2 (board: esp32-c2-devkitm-1; platform: https://github.com/pioarduino/platform-espressif32.git#develop; framework: arduino)
0.16 --------------------------------------------------------------------------------
0.47 Verbose mode can be enabled via `-v, --verbose` option
1.01 CONFIGURATION: https://docs.platformio.org/page/boards/espressif32/esp32-c2-devkitm-1.html
1.01 PLATFORM: Espressif 32 (55.3.30+develop.sha.9651ee8) > Espressif ESP32-C2-DevKitM-1
1.01 HARDWARE: ESP32C2 120MHz, 272KB RAM, 4MB Flash
1.01 DEBUG: Current (cmsis-dap) External (cmsis-dap, esp-bridge, esp-prog, iot-bus-jtag, jlink, minimodule, olimex-arm-usb-ocd, olimex-arm-usb-ocd-h, olimex-arm-usb-tiny-h, olimex-jtag-tiny, tumpa)
1.01 PACKAGES:
1.01  - contrib-piohome @ 3.4.4
1.01  - framework-arduino-c2-skeleton-lib @ 5.5.0+sha.cbe9388f45
1.01  - framework-arduinoespressif32 @ 3.3.0
1.01  - framework-arduinoespressif32-libs @ 5.5.0+sha.b66b5448e0
1.01  - framework-espidf @ 3.50500.0 (5.5.0)
1.01  - tool-cmake @ 3.30.2
1.01  - tool-esp-rom-elfs @ 2024.10.11
1.01  - tool-esptoolpy @ 5.0.2
1.01  - tool-mklittlefs @ 3.2.0
1.01  - tool-ninja @ 1.13.1
1.01  - tool-scons @ 4.40801.0 (4.8.1)
1.01  - toolchain-riscv32-esp @ 14.2.0+20241119
1.01 *** Compile Arduino IDF libs for esp32c2 ***
1.03 *** Add "custom_sdkconfig" settings to IDF sdkconfig.defaults ***
1.03 Replace: CONFIG_IDF_TARGET="esp32c2" with: CONFIG_IDF_TARGET=esp32c2
1.03 Replace: CONFIG_ESPTOOLPY_FLASHMODE_QIO=y with: CONFIG_ESPTOOLPY_FLASHMODE_QIO=y
1.03 Replace: CONFIG_ESPTOOLPY_FLASHFREQ_60M=y with: CONFIG_ESPTOOLPY_FLASHFREQ_60M=y
1.03 Replace: CONFIG_ESPTOOLPY_FLASHFREQ="60m" with: CONFIG_ESPTOOLPY_FLASHFREQ="60m"
1.03 Add: # CONFIG_ESPTOOLPY_FLASHFREQ_80M is not set
1.04 Warning! Arduino framework as an ESP-IDF component doesn't handle the `variant` field! The default `esp32` variant will be used.
1.04 Reading CMake configuration...
5.45 Generating assembly for certificate bundle...
5.60 LDF: Library Dependency Finder -> https://bit.ly/configure-pio-ldf
5.60 LDF Modes: Finder ~ chain, Compatibility ~ soft
5.66 Found 42 compatible libraries
5.66 Scanning dependencies...
5.66 No dependencies
5.67 Building in release mode
5.67 Environment state dumped to: env_dump.json
5.68 Projenv state dumped to: projenv_dump.json
5.68 Cache configuration from environment:
5.68   Cache type: xcache
5.68   Cache executable: python /workspace/ci/util/xcache.py
5.68   SCCACHE path: /workspace/.venv/bin/sccache
5.68   SCCACHE dir: /home/ubuntu/.fastled/sccache
5.68   Debug enabled: False
5.68 xcache wrapper detected and configured for Python fake compilers
5.68   xcache path: /workspace/ci/util/xcache.py
5.68   cache executable: python /workspace/ci/util/xcache.py
5.68 DEBUG: Found compilers in env:
5.68   CC: 'riscv32-esp-elf-gcc' (type: str)
5.68   CXX: 'riscv32-esp-elf-g++' (type: str)
5.68 Extracted compiler names:
5.68   CC name: riscv32-esp-elf-gcc
5.68   CXX name: riscv32-esp-elf-g++
5.68 Found local compiler cache:
5.68   Cache file: /workspace/.build/pio/esp32c2/compiler_cache.json
5.68   Real CC: /home/ubuntu/.fastled/packages/esp32c2/toolchain-riscv32-esp/bin/riscv32-esp-elf-gcc
5.68   Real CXX: /home/ubuntu/.fastled/packages/esp32c2/toolchain-riscv32-esp/bin/riscv32-esp-elf-g++
5.68 SUCCESS: Using cached compilers (instant, no platform search needed):
5.68   CC: /workspace/.build/pio/esp32c2/cached_compilers/cached_CC.py
5.68   CXX: /workspace/.build/pio/esp32c2/cached_compilers/cached_CXX.py
5.68   Platform search skipped - using cached toolset
5.68 Created Python cached compilers:
5.68   CC: /workspace/.build/pio/esp32c2/cached_compilers/cached_CC.py
5.68   CXX: /workspace/.build/pio/esp32c2/cached_compilers/cached_CXX.py
5.68 Applied Python fake compilers to both env and projenv
5.68 Python fake compiler cache enabled: xcache
5.68   Original CC: riscv32-esp-elf-gcc
5.68   Original CXX: riscv32-esp-elf-g++
5.68   Fake CC: /workspace/.build/pio/esp32c2/cached_compilers/cached_CC.py
5.68   Fake CXX: /workspace/.build/pio/esp32c2/cached_compilers/cached_CXX.py
5.68 Python fake compiler cache environment configured successfully
5.78 Retrieved `.pio/build/esp32c2/.dummy/sketch.cpp.o' from cache
5.78 Retrieved `.pio/build/esp32c2/.dummy/arduino-lib-builder-gcc.c.o' from cache
5.79 Retrieved `.pio/build/esp32c2/.dummy/arduino-lib-builder-cpp.cpp.o' from cache
5.79 Retrieved `.pio/build/esp32c2/.dummy/arduino-lib-builder-as.S.o' from cache
5.80 Generating LD script .pio/build/esp32c2/esp-idf/esp_system/ld/memory.ld.in
5.80 CMake Error at .pio/build/esp32c2/esp-idf/esp_system/ld/linker_script_generator.cmake:6 (message):
5.80   Can't generate .pio/build/esp32c2/esp-idf/esp_system/ld/memory.ld.in
5.80   RET_CODE: no such file or directory
5.80   ERROR_MESSAGE:
5.80 Generating LD script .pio/build/esp32c2/esp-idf/esp_system/ld/sections.ld.in
5.80 CMake Error at .pio/build/esp32c2/esp-idf/esp_system/ld/linker_script_generator.cmake:6 (message):
5.80   Can't generate .pio/build/esp32c2/esp-idf/esp_system/ld/sections.ld.in
5.80   RET_CODE: no such file or directory
5.80   ERROR_MESSAGE:
5.81 Retrieved `.pio/build/esp32c2/app_trace/app_trace.c.o' from cache
5.81 *** [.pio/build/esp32c2/esp-idf/esp_system/ld/memory.ld.in] Error 1
5.81 *** [.pio/build/esp32c2/esp-idf/esp_system/ld/sections.ld.in] Error 1
5.95 ========================== [FAILED] Took 5.79 seconds ==========================
